0 [140035641146240] INFO perfrun.launcher <> - Launcher main begin
0 [140035641146240] INFO perfrun.launcher <> - MessageCatalogInit finished
0 [140035641146240] INFO perfrun.launcher <> - Launcher instance created
0 [140035641146240] INFO perfrun.launcher <> - argc = 7; cmdline = /opt/intel/oneapi/vtune/2025.0/bin64/amplxe-runss --ui-output-format xml --ui-output-fd 5 --option-file /home/vts/repos/Slide_Editor/build/r001hs/config/runss.options 
21 [140035641146240] INFO perfrun.perfcollector <> - SEP tool path: /opt/intel/oneapi/vtune/2025.0/bin64/sep
37 [140035641146240] INFO perfrun.launcher <> - create msngr2::ICliToolContext
38 [140035641146240] INFO perfrun.launcher <> - create file finder object
38 [140035641146240] INFO perfrun.launcher <> - create a result directory: pattern = /home/vts/repos/Slide_Editor/build/r001hs pid = 4294967295
38 [140035641146240] INFO perfrun.sdk <> - checked that the directory /home/vts/repos/Slide_Editor/build/r001hs is a local directory
38 [140035641146240] INFO perfrun.sdk <> - the directory /home/vts/repos/Slide_Editor/build/r001hs is a local directory with FS type ID 61267
39 [140035641146240] INFO perfrun.launcher <> - create data directory = /home/vts/repos/Slide_Editor/build/r001hs/data.0
39 [140035641146240] INFO perfrun.launcher <> - Creating the master collection flag
41 [140035641146240] INFO perfrun.launcher <> - Done creating the master collection flag
42 [140035487688256] INFO perfrun.launcher <> - plugin [remoteplug] was disabled because it doesn't support the given collection type.
42 [140035487688256] INFO perfrun.sdk <> - Allocating TMU :/home/vts/repos/Slide_Editor/build/r001hs/data.0/systemcollector-14660-VTs.sc
42 [140035487688256] INFO perfrun.system <> - Tpss based collection
42 [140035487688256] INFO perfrun.launcher <> - plugin [ptracecollector] was disabled because it doesn't support the given collection type.
42 [140035487688256] INFO perfrun.launcher <> - plugin [gpu] was disabled because it doesn't support the given collection type.
42 [140035487688256] INFO perfrun.launcher <> - plugin [] was disabled because it doesn't support the given collection type.
42 [140035487688256] INFO perfrun.launcher <> - plugin [] was disabled because it doesn't support the given collection type.
42 [140035487688256] INFO perfrun.launcher <> - plugin [] was disabled because it doesn't support the given collection type.
42 [140035487688256] INFO perfrun.mrte <> - system-wide mode is 0
42 [140035487688256] INFO perfrun.mrte <> - Getting  mrte profiling environment ...
48 [140035487688256] INFO perfrun.mrte <> - INTEL_MRTE_DATA_DIR=/home/vts/repos/Slide_Editor/build/r001hs/data.0
48 [140035487688256] INFO perfrun.mrte <> - INTEL_MRTE_HOST_NAME=VTs
48 [140035487688256] INFO perfrun.mrte <> - JAVA_TOOL_OPTIONS=-agentlib:amplxe_samplingmrte_javaprof_1.0 -Dsun.boot.library.path=/opt/intel/oneapi/vtune/2025.0/lib32/runtime:/opt/intel/oneapi/vtune/2025.0/lib64/runtime
48 [140035487688256] INFO perfrun.mrte <> - LD_LIBRARY_PATH=/opt/intel/oneapi/vtune/2025.0/lib32/runtime:/opt/intel/oneapi/vtune/2025.0/lib64/runtime:/usr/local/lib:/usr/local/lib:/usr/local/lib:
48 [140035487688256] INFO perfrun.mrte <> - CORECLR_ENABLE_PROFILING=1
48 [140035487688256] INFO perfrun.mrte <> - CORECLR_PROFILER={AA5E4821-E3B1-479c-B7FF-5AD047D22CED}
48 [140035487688256] INFO perfrun.mrte <> - CORECLR_PROFILER_PATH=/opt/intel/oneapi/vtune/2025.0/lib64/libamplxe_samplingmrte_clrprof_1.0.so
48 [140035487688256] INFO perfrun.mrte <> - INTEL_MRTE_PROFILER_MODE=mixed
48 [140035487688256] INFO perfrun.mrte <> - Data directory: /home/vts/repos/Slide_Editor/build/r001hs/data.0
48 [140035487688256] INFO perfrun.mrte <> - Mrte plugin is initialized
48 [140035487688256] INFO perfrun.launcher <> - plugin [emon] was disabled because it doesn't support the given collection type.
48 [140035487688256] INFO perfrun.launcher <> - plugin [cuscol] was disabled because it doesn't support the given collection type.
48 [140035487688256] INFO perfrun.launcher <> - plugin [stdsrc] was disabled because it doesn't support the given collection type.
48 [140035487688256] INFO perfrun.launcher <> - plugin [sep] was disabled because it doesn't support the given collection type.
48 [140035487688256] INFO perfrun.launcher <> - plugin [vtsspp] was disabled because it doesn't support the given collection type.
48 [140035487688256] INFO perfrun.perfcollector <> - Platform type: 136
48 [140035487688256] INFO perfrun.sdk <> - Reading value (2) from file: /proc/sys/kernel/perf_event_paranoid
48 [140035487688256] INFO perfrun.perfcollector <> - checking access to: /opt/intel/oneapi/vtune/2025.0/bin64/amplxe-perf-priv
48 [140035487688256] INFO perfrun.perfcollector <> - dir found: /sys/bus/event_source/devices/software
48 [140035487688256] INFO perfrun.perfcollector <> - format: pmu format subdir doesn't exist
48 [140035487688256] INFO perfrun.perfcollector <> - hwInfo: not set, pmuFam: software
48 [140035487688256] INFO perfrun.perfcollector <> - pmu added: software, idx: 0
48 [140035487688256] INFO perfrun.perfcollector <> - dir found: /sys/bus/event_source/devices/uprobe
48 [140035487688256] INFO perfrun.perfcollector <> - format: ref_ctr_offset: config:32-63, mask:32-63
48 [140035487688256] INFO perfrun.perfcollector <> - format: retprobe: config:0, mask:0
48 [140035487688256] INFO perfrun.perfcollector <> - hwInfo: not set, pmuFam: uprobe
48 [140035487688256] INFO perfrun.perfcollector <> - pmu caps: raw,format
48 [140035487688256] INFO perfrun.perfcollector <> - pmu added: uprobe, idx: 0
48 [140035487688256] INFO perfrun.perfcollector <> - dir found: /sys/bus/event_source/devices/cpu
48 [140035487688256] INFO perfrun.perfcollector <> - format: event: config:0-7, mask:0-7
48 [140035487688256] INFO perfrun.perfcollector <> - format: pc: config:19, mask:19
48 [140035487688256] INFO perfrun.perfcollector <> - format: edge: config:18, mask:18
48 [140035487688256] INFO perfrun.perfcollector <> - format: any: config:21, mask:21
48 [140035487688256] INFO perfrun.perfcollector <> - format: offcore_rsp: config1:0-63, mask:0-63
48 [140035487688256] INFO perfrun.perfcollector <> - format: ldlat: config1:0-15, mask:0-15
48 [140035487688256] INFO perfrun.perfcollector <> - format: inv: config:23, mask:23
48 [140035487688256] INFO perfrun.perfcollector <> - format: umask: config:8-15, mask:8-15
48 [140035487688256] INFO perfrun.perfcollector <> - format: frontend: config1:0-23, mask:0-23
48 [140035487688256] INFO perfrun.perfcollector <> - format: cmask: config:24-31, mask:24-31
48 [140035487688256] INFO perfrun.perfcollector <> - hwInfo: PERF_CPU_PMU_DETAILS
48 [140035487688256] INFO perfrun.perfcollector <> - pmu caps: raw,format,events,ldlat,frontend,offcore_rsp
48 [140035487688256] INFO perfrun.perfcollector <> - pmu added: cpu, idx: 0
48 [140035487688256] INFO perfrun.perfcollector <> - dir found: /sys/bus/event_source/devices/breakpoint
48 [140035487688256] INFO perfrun.perfcollector <> - format: pmu format subdir doesn't exist
48 [140035487688256] INFO perfrun.perfcollector <> - hwInfo: not set, pmuFam: breakpoint
48 [140035487688256] INFO perfrun.perfcollector <> - pmu added: breakpoint, idx: 0
48 [140035487688256] INFO perfrun.perfcollector <> - dir found: /sys/bus/event_source/devices/tracepoint
48 [140035487688256] INFO perfrun.perfcollector <> - format: pmu format subdir doesn't exist
48 [140035487688256] INFO perfrun.perfcollector <> - hwInfo: not set, pmuFam: tracepoint
48 [140035487688256] INFO perfrun.perfcollector <> - pmu added: tracepoint, idx: 0
48 [140035487688256] INFO perfrun.perfcollector <> - dir found: /sys/bus/event_source/devices/kprobe
48 [140035487688256] INFO perfrun.perfcollector <> - format: retprobe: config:0, mask:0
48 [140035487688256] INFO perfrun.perfcollector <> - hwInfo: not set, pmuFam: kprobe
48 [140035487688256] INFO perfrun.perfcollector <> - pmu caps: raw,format
48 [140035487688256] INFO perfrun.perfcollector <> - pmu added: kprobe, idx: 0
48 [140035487688256] INFO perfrun.perfcollector <> - dir found: /sys/bus/event_source/devices/msr
48 [140035487688256] INFO perfrun.perfcollector <> - format: event: config:0-63, mask:0-63
48 [140035487688256] INFO perfrun.perfcollector <> - hwInfo: not set, pmuFam: msr
48 [140035487688256] INFO perfrun.perfcollector <> - pmu caps: raw,format,events
48 [140035487688256] INFO perfrun.perfcollector <> - pmu added: msr, idx: 0
48 [140035487688256] INFO perfrun.perfcollector <> - Perf tool path: /opt/intel/oneapi/vtune/2025.0/bin64/amplxe-perf
48 [140035487688256] INFO perfrun.perfcollector <> - Data directory: /home/vts/repos/Slide_Editor/build/r001hs/data.0
48 [140035487688256] INFO perfrun.perfcollector <> - Temp directory: /tmp/amplxe-tmp-vts
48 [140035487688256] INFO perfrun.perfcollector <> - Perf sync path: /opt/intel/oneapi/vtune/2025.0/bin64/amplxe-perf-sync
48 [140035487688256] INFO perfrun.perfcollector <> - Hypervisor = Microsoft Hv
48 [140035487688256] INFO perfrun.perfcollector <> - Counting mode is requested
48 [140035487688256] WARN perfrun.launcher <> - Messenger::say: Only user space will be profiled due to credentials lack. Consider changing /proc/sys/kernel/perf_event_paranoid file for enabling kernel space profiling.
48 [140035487688256] INFO perfrun.perfcollector <> - Sample after multiplier: 1
48 [140035487688256] INFO perfrun.sdk <> - runCmd: /opt/intel/oneapi/vtune/2025.0/bin64/sep -dry-run -sam 1 -ec CPU_CLK_UNHALTED.THREAD,CPU_CLK_UNHALTED.REF_TSC:sample:sa=2500000,INST_RETIRED.ANY:sample:sa=2500000,CPU_CLK_UNHALTED.REF_XCLK,CPU_CLK_UNHALTED.ONE_THREAD_ACTIVE,FP_ARITH_INST_RETIRED.SCALAR_SINGLE,FP_ARITH_INST_RETIRED.128B_PACKED_SINGLE,FP_ARITH_INST_RETIRED.256B_PACKED_SINGLE,FP_ARITH_INST_RETIRED.SCALAR_DOUBLE,FP_ARITH_INST_RETIRED.128B_PACKED_DOUBLE,FP_ARITH_INST_RETIRED.256B_PACKED_DOUBLE,UOPS_EXECUTED.X87,UOPS_RETIRED.RETIRE_SLOTS:sample:sa=2000003,UOPS_EXECUTED.THREAD -experimental
49 [140035487688256] INFO perfrun.sdk <> - runCmd started PID 14664
56 [140035487688256] INFO perfrun.perfcollector <> - SepDryRun RC = true
56 [140035487688256] INFO perfrun.perfcollector <> - Loading SEP event configuration
56 [140035487688256] INFO perfrun.perfcollector <> - pmu: cpu
56 [140035487688256] INFO perfrun.perfcollector <> - group_id: 0
56 [140035487688256] INFO perfrun.perfcollector <> - event_id: 2: INST_RETIRED.ANY
56 [140035487688256] INFO perfrun.perfcollector <> - event_id: 0: CPU_CLK_UNHALTED.THREAD
56 [140035487688256] INFO perfrun.perfcollector <> - event_id: 1: CPU_CLK_UNHALTED.REF_TSC
56 [140035487688256] INFO perfrun.perfcollector <> - event_id: 3: CPU_CLK_UNHALTED.REF_XCLK
56 [140035487688256] INFO perfrun.perfcollector <> - event_id: 4: CPU_CLK_UNHALTED.ONE_THREAD_ACTIVE
56 [140035487688256] INFO perfrun.perfcollector <> - event_id: 5: FP_ARITH_INST_RETIRED.SCALAR_SINGLE
56 [140035487688256] INFO perfrun.perfcollector <> - event_id: 6: FP_ARITH_INST_RETIRED.128B_PACKED_SINGLE
56 [140035487688256] INFO perfrun.perfcollector <> - event_id: 3: cccr: addr: 186, value: 53013c
56 [140035487688256] INFO perfrun.perfcollector <> - event_id: 4: cccr: addr: 187, value: 53023c
56 [140035487688256] INFO perfrun.perfcollector <> - event_id: 5: cccr: addr: 188, value: 5302c7
56 [140035487688256] INFO perfrun.perfcollector <> - event_id: 6: cccr: addr: 189, value: 5308c7
56 [140035487688256] INFO perfrun.perfcollector <> - event_id: 2: data: addr: 309, value: ffffffffffd9da60
56 [140035487688256] INFO perfrun.perfcollector <> - event_id: 0: data: addr: 30a, value: ffffffffffe17b7d
56 [140035487688256] INFO perfrun.perfcollector <> - event_id: 1: data: addr: 30b, value: ffffffffffd9da60
56 [140035487688256] INFO perfrun.perfcollector <> - event_id: 3: data: addr: c1, value: ffffffffffff9e55
56 [140035487688256] INFO perfrun.perfcollector <> - event_id: 4: data: addr: c2, value: ffffffffffff9e55
56 [140035487688256] INFO perfrun.perfcollector <> - event_id: 5: data: addr: c3, value: ffffffffffe17b7d
56 [140035487688256] INFO perfrun.perfcollector <> - event_id: 6: data: addr: c4, value: ffffffffffe17b7d
56 [140035487688256] INFO perfrun.perfcollector <> - group_id: 1
56 [140035487688256] INFO perfrun.perfcollector <> - event_id: 2: INST_RETIRED.ANY
56 [140035487688256] INFO perfrun.perfcollector <> - event_id: 0: CPU_CLK_UNHALTED.THREAD
56 [140035487688256] INFO perfrun.perfcollector <> - event_id: 1: CPU_CLK_UNHALTED.REF_TSC
56 [140035487688256] INFO perfrun.perfcollector <> - event_id: 7: FP_ARITH_INST_RETIRED.256B_PACKED_SINGLE
56 [140035487688256] INFO perfrun.perfcollector <> - event_id: 8: FP_ARITH_INST_RETIRED.SCALAR_DOUBLE
56 [140035487688256] INFO perfrun.perfcollector <> - event_id: 9: FP_ARITH_INST_RETIRED.128B_PACKED_DOUBLE
56 [140035487688256] INFO perfrun.perfcollector <> - event_id: 10: FP_ARITH_INST_RETIRED.256B_PACKED_DOUBLE
56 [140035487688256] INFO perfrun.perfcollector <> - event_id: 7: cccr: addr: 186, value: 5320c7
56 [140035487688256] INFO perfrun.perfcollector <> - event_id: 8: cccr: addr: 187, value: 5301c7
56 [140035487688256] INFO perfrun.perfcollector <> - event_id: 9: cccr: addr: 188, value: 5304c7
56 [140035487688256] INFO perfrun.perfcollector <> - event_id: 10: cccr: addr: 189, value: 5310c7
56 [140035487688256] INFO perfrun.perfcollector <> - event_id: 2: data: addr: 309, value: ffffffffffd9da60
56 [140035487688256] INFO perfrun.perfcollector <> - event_id: 0: data: addr: 30a, value: ffffffffffe17b7d
56 [140035487688256] INFO perfrun.perfcollector <> - event_id: 1: data: addr: 30b, value: ffffffffffd9da60
56 [140035487688256] INFO perfrun.perfcollector <> - event_id: 7: data: addr: c1, value: ffffffffffe17b7d
56 [140035487688256] INFO perfrun.perfcollector <> - event_id: 8: data: addr: c2, value: ffffffffffe17b7d
56 [140035487688256] INFO perfrun.perfcollector <> - event_id: 9: data: addr: c3, value: ffffffffffe17b7d
56 [140035487688256] INFO perfrun.perfcollector <> - event_id: 10: data: addr: c4, value: ffffffffffe17b7d
56 [140035487688256] INFO perfrun.perfcollector <> - group_id: 2
56 [140035487688256] INFO perfrun.perfcollector <> - event_id: 2: INST_RETIRED.ANY
56 [140035487688256] INFO perfrun.perfcollector <> - event_id: 0: CPU_CLK_UNHALTED.THREAD
56 [140035487688256] INFO perfrun.perfcollector <> - event_id: 1: CPU_CLK_UNHALTED.REF_TSC
56 [140035487688256] INFO perfrun.perfcollector <> - event_id: 11: UOPS_EXECUTED.X87
56 [140035487688256] INFO perfrun.perfcollector <> - event_id: 12: UOPS_RETIRED.RETIRE_SLOTS
56 [140035487688256] INFO perfrun.perfcollector <> - event_id: 13: UOPS_EXECUTED.THREAD
56 [140035487688256] INFO perfrun.perfcollector <> - event_id: 11: cccr: addr: 186, value: 5310b1
56 [140035487688256] INFO perfrun.perfcollector <> - event_id: 12: cccr: addr: 187, value: 5302c2
56 [140035487688256] INFO perfrun.perfcollector <> - event_id: 13: cccr: addr: 188, value: 5301b1
56 [140035487688256] INFO perfrun.perfcollector <> - event_id: 2: data: addr: 309, value: ffffffffffd9da60
56 [140035487688256] INFO perfrun.perfcollector <> - event_id: 0: data: addr: 30a, value: ffffffffffe17b7d
56 [140035487688256] INFO perfrun.perfcollector <> - event_id: 1: data: addr: 30b, value: ffffffffffd9da60
56 [140035487688256] INFO perfrun.perfcollector <> - event_id: 11: data: addr: c1, value: ffffffffffe17b7d
56 [140035487688256] INFO perfrun.perfcollector <> - event_id: 12: data: addr: c2, value: ffffffffffe17b7d
56 [140035487688256] INFO perfrun.perfcollector <> - event_id: 13: data: addr: c3, value: ffffffffffe17b7d
56 [140035487688256] INFO perfrun.perfcollector <> - Converting events to Perf format
56 [140035487688256] INFO perfrun.perfcollector <> - event: 0: CPU_CLK_UNHALTED.THREAD
56 [140035487688256] INFO perfrun.perfcollector <> - cccr: addr: ffffffff, value: 0
56 [140035487688256] INFO perfrun.perfcollector <> - data: addr: 30a, value: ffffffffffe17b7d
56 [140035487688256] INFO perfrun.perfcollector <> - pmu config: cpu
56 [140035487688256] INFO perfrun.perfcollector <> - config: any: 0
56 [140035487688256] INFO perfrun.perfcollector <> - config: cmask: 0
56 [140035487688256] INFO perfrun.perfcollector <> - config: edge: 0
56 [140035487688256] INFO perfrun.perfcollector <> - config: event: 3c
56 [140035487688256] INFO perfrun.perfcollector <> - config1: frontend: 0
56 [140035487688256] INFO perfrun.perfcollector <> - config: inv: 0
56 [140035487688256] INFO perfrun.perfcollector <> - config1: ldlat: 0
56 [140035487688256] INFO perfrun.perfcollector <> - config1: offcore_rsp: 0
56 [140035487688256] INFO perfrun.perfcollector <> - config: pc: 0
56 [140035487688256] INFO perfrun.perfcollector <> - config: umask: 0
56 [140035487688256] INFO perfrun.perfcollector <> - format: cpu/event=0x3c,name='CPU_CLK_UNHALTED.THREAD'/D
56 [140035487688256] INFO perfrun.perfcollector <> - event: 1: CPU_CLK_UNHALTED.REF_TSC
56 [140035487688256] INFO perfrun.perfcollector <> - cccr: addr: ffffffff, value: 0
56 [140035487688256] INFO perfrun.perfcollector <> - data: addr: 30b, value: ffffffffffd9da60
56 [140035487688256] INFO perfrun.perfcollector <> - pmu config: cpu
56 [140035487688256] INFO perfrun.perfcollector <> - config: any: 0
56 [140035487688256] INFO perfrun.perfcollector <> - config: cmask: 0
56 [140035487688256] INFO perfrun.perfcollector <> - config: edge: 0
56 [140035487688256] INFO perfrun.perfcollector <> - config: event: 0
56 [140035487688256] INFO perfrun.perfcollector <> - config1: frontend: 0
56 [140035487688256] INFO perfrun.perfcollector <> - config: inv: 0
56 [140035487688256] INFO perfrun.perfcollector <> - config1: ldlat: 0
56 [140035487688256] INFO perfrun.perfcollector <> - config1: offcore_rsp: 0
56 [140035487688256] INFO perfrun.perfcollector <> - config: pc: 0
56 [140035487688256] INFO perfrun.perfcollector <> - config: umask: 3
56 [140035487688256] INFO perfrun.perfcollector <> - format: cpu/umask=0x3,name='CPU_CLK_UNHALTED.REF_TSC'/D
56 [140035487688256] INFO perfrun.perfcollector <> - event: 2: INST_RETIRED.ANY
56 [140035487688256] INFO perfrun.perfcollector <> - cccr: addr: ffffffff, value: 0
56 [140035487688256] INFO perfrun.perfcollector <> - data: addr: 309, value: ffffffffffd9da60
56 [140035487688256] INFO perfrun.perfcollector <> - pmu config: cpu
56 [140035487688256] INFO perfrun.perfcollector <> - config: any: 0
56 [140035487688256] INFO perfrun.perfcollector <> - config: cmask: 0
56 [140035487688256] INFO perfrun.perfcollector <> - config: edge: 0
56 [140035487688256] INFO perfrun.perfcollector <> - config: event: c0
56 [140035487688256] INFO perfrun.perfcollector <> - config1: frontend: 0
56 [140035487688256] INFO perfrun.perfcollector <> - config: inv: 0
56 [140035487688256] INFO perfrun.perfcollector <> - config1: ldlat: 0
56 [140035487688256] INFO perfrun.perfcollector <> - config1: offcore_rsp: 0
56 [140035487688256] INFO perfrun.perfcollector <> - config: pc: 0
56 [140035487688256] INFO perfrun.perfcollector <> - config: umask: 0
56 [140035487688256] INFO perfrun.perfcollector <> - format: cpu/event=0xc0,name='INST_RETIRED.ANY'/D
56 [140035487688256] INFO perfrun.perfcollector <> - event: 3: CPU_CLK_UNHALTED.REF_XCLK
56 [140035487688256] INFO perfrun.perfcollector <> - cccr: addr: 186, value: 53013c
56 [140035487688256] INFO perfrun.perfcollector <> - data: addr: c1, value: ffffffffffff9e55
56 [140035487688256] INFO perfrun.perfcollector <> - pmu config: cpu
56 [140035487688256] INFO perfrun.perfcollector <> - config: any: 0
56 [140035487688256] INFO perfrun.perfcollector <> - config: cmask: 0
56 [140035487688256] INFO perfrun.perfcollector <> - config: edge: 0
56 [140035487688256] INFO perfrun.perfcollector <> - config: event: 3c
56 [140035487688256] INFO perfrun.perfcollector <> - config1: frontend: 0
56 [140035487688256] INFO perfrun.perfcollector <> - config: inv: 0
56 [140035487688256] INFO perfrun.perfcollector <> - config1: ldlat: 0
56 [140035487688256] INFO perfrun.perfcollector <> - config1: offcore_rsp: 0
56 [140035487688256] INFO perfrun.perfcollector <> - config: pc: 0
56 [140035487688256] INFO perfrun.perfcollector <> - config: umask: 1
56 [140035487688256] INFO perfrun.perfcollector <> - format: cpu/event=0x3c,umask=0x1,name='CPU_CLK_UNHALTED.REF_XCLK'/
56 [140035487688256] INFO perfrun.perfcollector <> - event: 4: CPU_CLK_UNHALTED.ONE_THREAD_ACTIVE
56 [140035487688256] INFO perfrun.perfcollector <> - cccr: addr: 187, value: 53023c
56 [140035487688256] INFO perfrun.perfcollector <> - data: addr: c2, value: ffffffffffff9e55
56 [140035487688256] INFO perfrun.perfcollector <> - pmu config: cpu
56 [140035487688256] INFO perfrun.perfcollector <> - config: any: 0
56 [140035487688256] INFO perfrun.perfcollector <> - config: cmask: 0
56 [140035487688256] INFO perfrun.perfcollector <> - config: edge: 0
56 [140035487688256] INFO perfrun.perfcollector <> - config: event: 3c
56 [140035487688256] INFO perfrun.perfcollector <> - config1: frontend: 0
56 [140035487688256] INFO perfrun.perfcollector <> - config: inv: 0
56 [140035487688256] INFO perfrun.perfcollector <> - config1: ldlat: 0
56 [140035487688256] INFO perfrun.perfcollector <> - config1: offcore_rsp: 0
56 [140035487688256] INFO perfrun.perfcollector <> - config: pc: 0
56 [140035487688256] INFO perfrun.perfcollector <> - config: umask: 2
56 [140035487688256] INFO perfrun.perfcollector <> - format: cpu/event=0x3c,umask=0x2,name='CPU_CLK_UNHALTED.ONE_THREAD_ACTIVE'/
56 [140035487688256] INFO perfrun.perfcollector <> - event: 5: FP_ARITH_INST_RETIRED.SCALAR_SINGLE
56 [140035487688256] INFO perfrun.perfcollector <> - cccr: addr: 188, value: 5302c7
56 [140035487688256] INFO perfrun.perfcollector <> - data: addr: c3, value: ffffffffffe17b7d
56 [140035487688256] INFO perfrun.perfcollector <> - pmu config: cpu
56 [140035487688256] INFO perfrun.perfcollector <> - config: any: 0
56 [140035487688256] INFO perfrun.perfcollector <> - config: cmask: 0
56 [140035487688256] INFO perfrun.perfcollector <> - config: edge: 0
56 [140035487688256] INFO perfrun.perfcollector <> - config: event: c7
56 [140035487688256] INFO perfrun.perfcollector <> - config1: frontend: 0
56 [140035487688256] INFO perfrun.perfcollector <> - config: inv: 0
56 [140035487688256] INFO perfrun.perfcollector <> - config1: ldlat: 0
56 [140035487688256] INFO perfrun.perfcollector <> - config1: offcore_rsp: 0
56 [140035487688256] INFO perfrun.perfcollector <> - config: pc: 0
56 [140035487688256] INFO perfrun.perfcollector <> - config: umask: 2
56 [140035487688256] INFO perfrun.perfcollector <> - format: cpu/event=0xc7,umask=0x2,name='FP_ARITH_INST_RETIRED.SCALAR_SINGLE'/
56 [140035487688256] INFO perfrun.perfcollector <> - event: 6: FP_ARITH_INST_RETIRED.128B_PACKED_SINGLE
56 [140035487688256] INFO perfrun.perfcollector <> - cccr: addr: 189, value: 5308c7
56 [140035487688256] INFO perfrun.perfcollector <> - data: addr: c4, value: ffffffffffe17b7d
56 [140035487688256] INFO perfrun.perfcollector <> - pmu config: cpu
56 [140035487688256] INFO perfrun.perfcollector <> - config: any: 0
56 [140035487688256] INFO perfrun.perfcollector <> - config: cmask: 0
56 [140035487688256] INFO perfrun.perfcollector <> - config: edge: 0
56 [140035487688256] INFO perfrun.perfcollector <> - config: event: c7
56 [140035487688256] INFO perfrun.perfcollector <> - config1: frontend: 0
56 [140035487688256] INFO perfrun.perfcollector <> - config: inv: 0
56 [140035487688256] INFO perfrun.perfcollector <> - config1: ldlat: 0
56 [140035487688256] INFO perfrun.perfcollector <> - config1: offcore_rsp: 0
56 [140035487688256] INFO perfrun.perfcollector <> - config: pc: 0
56 [140035487688256] INFO perfrun.perfcollector <> - config: umask: 8
56 [140035487688256] INFO perfrun.perfcollector <> - format: cpu/event=0xc7,umask=0x8,name='FP_ARITH_INST_RETIRED.128B_PACKED_SINGLE'/
56 [140035487688256] INFO perfrun.perfcollector <> - event: 7: FP_ARITH_INST_RETIRED.256B_PACKED_SINGLE
56 [140035487688256] INFO perfrun.perfcollector <> - cccr: addr: 186, value: 5320c7
56 [140035487688256] INFO perfrun.perfcollector <> - data: addr: c1, value: ffffffffffe17b7d
56 [140035487688256] INFO perfrun.perfcollector <> - pmu config: cpu
56 [140035487688256] INFO perfrun.perfcollector <> - config: any: 0
56 [140035487688256] INFO perfrun.perfcollector <> - config: cmask: 0
56 [140035487688256] INFO perfrun.perfcollector <> - config: edge: 0
56 [140035487688256] INFO perfrun.perfcollector <> - config: event: c7
56 [140035487688256] INFO perfrun.perfcollector <> - config1: frontend: 0
56 [140035487688256] INFO perfrun.perfcollector <> - config: inv: 0
56 [140035487688256] INFO perfrun.perfcollector <> - config1: ldlat: 0
56 [140035487688256] INFO perfrun.perfcollector <> - config1: offcore_rsp: 0
56 [140035487688256] INFO perfrun.perfcollector <> - config: pc: 0
56 [140035487688256] INFO perfrun.perfcollector <> - config: umask: 20
57 [140035487688256] INFO perfrun.perfcollector <> - format: cpu/event=0xc7,umask=0x20,name='FP_ARITH_INST_RETIRED.256B_PACKED_SINGLE'/
57 [140035487688256] INFO perfrun.perfcollector <> - event: 8: FP_ARITH_INST_RETIRED.SCALAR_DOUBLE
57 [140035487688256] INFO perfrun.perfcollector <> - cccr: addr: 187, value: 5301c7
57 [140035487688256] INFO perfrun.perfcollector <> - data: addr: c2, value: ffffffffffe17b7d
57 [140035487688256] INFO perfrun.perfcollector <> - pmu config: cpu
57 [140035487688256] INFO perfrun.perfcollector <> - config: any: 0
57 [140035487688256] INFO perfrun.perfcollector <> - config: cmask: 0
57 [140035487688256] INFO perfrun.perfcollector <> - config: edge: 0
57 [140035487688256] INFO perfrun.perfcollector <> - config: event: c7
57 [140035487688256] INFO perfrun.perfcollector <> - config1: frontend: 0
57 [140035487688256] INFO perfrun.perfcollector <> - config: inv: 0
57 [140035487688256] INFO perfrun.perfcollector <> - config1: ldlat: 0
57 [140035487688256] INFO perfrun.perfcollector <> - config1: offcore_rsp: 0
57 [140035487688256] INFO perfrun.perfcollector <> - config: pc: 0
57 [140035487688256] INFO perfrun.perfcollector <> - config: umask: 1
57 [140035487688256] INFO perfrun.perfcollector <> - format: cpu/event=0xc7,umask=0x1,name='FP_ARITH_INST_RETIRED.SCALAR_DOUBLE'/
57 [140035487688256] INFO perfrun.perfcollector <> - event: 9: FP_ARITH_INST_RETIRED.128B_PACKED_DOUBLE
57 [140035487688256] INFO perfrun.perfcollector <> - cccr: addr: 188, value: 5304c7
57 [140035487688256] INFO perfrun.perfcollector <> - data: addr: c3, value: ffffffffffe17b7d
57 [140035487688256] INFO perfrun.perfcollector <> - pmu config: cpu
57 [140035487688256] INFO perfrun.perfcollector <> - config: any: 0
57 [140035487688256] INFO perfrun.perfcollector <> - config: cmask: 0
57 [140035487688256] INFO perfrun.perfcollector <> - config: edge: 0
57 [140035487688256] INFO perfrun.perfcollector <> - config: event: c7
57 [140035487688256] INFO perfrun.perfcollector <> - config1: frontend: 0
57 [140035487688256] INFO perfrun.perfcollector <> - config: inv: 0
57 [140035487688256] INFO perfrun.perfcollector <> - config1: ldlat: 0
57 [140035487688256] INFO perfrun.perfcollector <> - config1: offcore_rsp: 0
57 [140035487688256] INFO perfrun.perfcollector <> - config: pc: 0
57 [140035487688256] INFO perfrun.perfcollector <> - config: umask: 4
57 [140035487688256] INFO perfrun.perfcollector <> - format: cpu/event=0xc7,umask=0x4,name='FP_ARITH_INST_RETIRED.128B_PACKED_DOUBLE'/
57 [140035487688256] INFO perfrun.perfcollector <> - event: 10: FP_ARITH_INST_RETIRED.256B_PACKED_DOUBLE
57 [140035487688256] INFO perfrun.perfcollector <> - cccr: addr: 189, value: 5310c7
57 [140035487688256] INFO perfrun.perfcollector <> - data: addr: c4, value: ffffffffffe17b7d
57 [140035487688256] INFO perfrun.perfcollector <> - pmu config: cpu
57 [140035487688256] INFO perfrun.perfcollector <> - config: any: 0
57 [140035487688256] INFO perfrun.perfcollector <> - config: cmask: 0
57 [140035487688256] INFO perfrun.perfcollector <> - config: edge: 0
57 [140035487688256] INFO perfrun.perfcollector <> - config: event: c7
57 [140035487688256] INFO perfrun.perfcollector <> - config1: frontend: 0
57 [140035487688256] INFO perfrun.perfcollector <> - config: inv: 0
57 [140035487688256] INFO perfrun.perfcollector <> - config1: ldlat: 0
57 [140035487688256] INFO perfrun.perfcollector <> - config1: offcore_rsp: 0
57 [140035487688256] INFO perfrun.perfcollector <> - config: pc: 0
57 [140035487688256] INFO perfrun.perfcollector <> - config: umask: 10
57 [140035487688256] INFO perfrun.perfcollector <> - format: cpu/event=0xc7,umask=0x10,name='FP_ARITH_INST_RETIRED.256B_PACKED_DOUBLE'/
57 [140035487688256] INFO perfrun.perfcollector <> - event: 11: UOPS_EXECUTED.X87
57 [140035487688256] INFO perfrun.perfcollector <> - cccr: addr: 186, value: 5310b1
57 [140035487688256] INFO perfrun.perfcollector <> - data: addr: c1, value: ffffffffffe17b7d
57 [140035487688256] INFO perfrun.perfcollector <> - pmu config: cpu
57 [140035487688256] INFO perfrun.perfcollector <> - config: any: 0
57 [140035487688256] INFO perfrun.perfcollector <> - config: cmask: 0
57 [140035487688256] INFO perfrun.perfcollector <> - config: edge: 0
57 [140035487688256] INFO perfrun.perfcollector <> - config: event: b1
57 [140035487688256] INFO perfrun.perfcollector <> - config1: frontend: 0
57 [140035487688256] INFO perfrun.perfcollector <> - config: inv: 0
57 [140035487688256] INFO perfrun.perfcollector <> - config1: ldlat: 0
57 [140035487688256] INFO perfrun.perfcollector <> - config1: offcore_rsp: 0
57 [140035487688256] INFO perfrun.perfcollector <> - config: pc: 0
57 [140035487688256] INFO perfrun.perfcollector <> - config: umask: 10
57 [140035487688256] INFO perfrun.perfcollector <> - format: cpu/event=0xb1,umask=0x10,name='UOPS_EXECUTED.X87'/
57 [140035487688256] INFO perfrun.perfcollector <> - event: 12: UOPS_RETIRED.RETIRE_SLOTS
57 [140035487688256] INFO perfrun.perfcollector <> - cccr: addr: 187, value: 5302c2
57 [140035487688256] INFO perfrun.perfcollector <> - data: addr: c2, value: ffffffffffe17b7d
57 [140035487688256] INFO perfrun.perfcollector <> - pmu config: cpu
57 [140035487688256] INFO perfrun.perfcollector <> - config: any: 0
57 [140035487688256] INFO perfrun.perfcollector <> - config: cmask: 0
57 [140035487688256] INFO perfrun.perfcollector <> - config: edge: 0
57 [140035487688256] INFO perfrun.perfcollector <> - config: event: c2
57 [140035487688256] INFO perfrun.perfcollector <> - config1: frontend: 0
57 [140035487688256] INFO perfrun.perfcollector <> - config: inv: 0
57 [140035487688256] INFO perfrun.perfcollector <> - config1: ldlat: 0
57 [140035487688256] INFO perfrun.perfcollector <> - config1: offcore_rsp: 0
57 [140035487688256] INFO perfrun.perfcollector <> - config: pc: 0
57 [140035487688256] INFO perfrun.perfcollector <> - config: umask: 2
57 [140035487688256] INFO perfrun.perfcollector <> - format: cpu/event=0xc2,umask=0x2,name='UOPS_RETIRED.RETIRE_SLOTS'/
57 [140035487688256] INFO perfrun.perfcollector <> - event: 13: UOPS_EXECUTED.THREAD
57 [140035487688256] INFO perfrun.perfcollector <> - cccr: addr: 188, value: 5301b1
57 [140035487688256] INFO perfrun.perfcollector <> - data: addr: c3, value: ffffffffffe17b7d
57 [140035487688256] INFO perfrun.perfcollector <> - pmu config: cpu
57 [140035487688256] INFO perfrun.perfcollector <> - config: any: 0
57 [140035487688256] INFO perfrun.perfcollector <> - config: cmask: 0
57 [140035487688256] INFO perfrun.perfcollector <> - config: edge: 0
57 [140035487688256] INFO perfrun.perfcollector <> - config: event: b1
57 [140035487688256] INFO perfrun.perfcollector <> - config1: frontend: 0
57 [140035487688256] INFO perfrun.perfcollector <> - config: inv: 0
57 [140035487688256] INFO perfrun.perfcollector <> - config1: ldlat: 0
57 [140035487688256] INFO perfrun.perfcollector <> - config1: offcore_rsp: 0
57 [140035487688256] INFO perfrun.perfcollector <> - config: pc: 0
57 [140035487688256] INFO perfrun.perfcollector <> - config: umask: 1
57 [140035487688256] INFO perfrun.perfcollector <> - format: cpu/event=0xb1,umask=0x1,name='UOPS_EXECUTED.THREAD'/
57 [140035487688256] INFO perfrun.perfcollector <> - event: cpu/event=0x3c,name='CPU_CLK_UNHALTED.THREAD'/Du, added for counting
57 [140035487688256] INFO perfrun.perfcollector <> - event: cpu/umask=0x3,name='CPU_CLK_UNHALTED.REF_TSC'/Du, added for counting
57 [140035487688256] INFO perfrun.perfcollector <> - event: cpu/event=0xc0,name='INST_RETIRED.ANY'/Du, added for counting
57 [140035487688256] INFO perfrun.perfcollector <> - event: cpu/event=0x3c,umask=0x1,name='CPU_CLK_UNHALTED.REF_XCLK'/u, added for counting
57 [140035487688256] INFO perfrun.perfcollector <> - event: cpu/event=0x3c,umask=0x2,name='CPU_CLK_UNHALTED.ONE_THREAD_ACTIVE'/u, added for counting
57 [140035487688256] INFO perfrun.perfcollector <> - event: cpu/event=0xc7,umask=0x2,name='FP_ARITH_INST_RETIRED.SCALAR_SINGLE'/u, added for counting
57 [140035487688256] INFO perfrun.perfcollector <> - event: cpu/event=0xc7,umask=0x8,name='FP_ARITH_INST_RETIRED.128B_PACKED_SINGLE'/u, added for counting
57 [140035487688256] INFO perfrun.perfcollector <> - event: cpu/event=0xc7,umask=0x20,name='FP_ARITH_INST_RETIRED.256B_PACKED_SINGLE'/u, added for counting
57 [140035487688256] INFO perfrun.perfcollector <> - event: cpu/event=0xc7,umask=0x1,name='FP_ARITH_INST_RETIRED.SCALAR_DOUBLE'/u, added for counting
57 [140035487688256] INFO perfrun.perfcollector <> - event: cpu/event=0xc7,umask=0x4,name='FP_ARITH_INST_RETIRED.128B_PACKED_DOUBLE'/u, added for counting
57 [140035487688256] INFO perfrun.perfcollector <> - event: cpu/event=0xc7,umask=0x10,name='FP_ARITH_INST_RETIRED.256B_PACKED_DOUBLE'/u, added for counting
57 [140035487688256] INFO perfrun.perfcollector <> - event: cpu/event=0xb1,umask=0x10,name='UOPS_EXECUTED.X87'/u, added for counting
57 [140035487688256] INFO perfrun.perfcollector <> - event: cpu/event=0xc2,umask=0x2,name='UOPS_RETIRED.RETIRE_SLOTS'/u, added for counting
57 [140035487688256] INFO perfrun.perfcollector <> - event: cpu/event=0xb1,umask=0x1,name='UOPS_EXECUTED.THREAD'/u, added for counting
57 [140035487688256] INFO perfrun.perfcollector <> - attaching to pid: 4294967295, m_mode: 10, mode: 3
57 [140035479295552] INFO perfrun.perfcollector <> - Perf stat trace pipe capacity: read = 1048576, write = 1048576
58 [140035395417664] INFO perfrun.sdk <> - Reading value (0-7) from file: /sys/devices/system/cpu/cpu0/topology/core_siblings_list
58 [140035395417664] INFO perfrun.sdk <> - Reading value (0-1) from file: /sys/devices/system/cpu/cpu0/topology/thread_siblings_list
58 [140035395417664] INFO perfrun.sdk <> - Reading value (0-7) from file: /sys/devices/system/cpu/cpu1/topology/core_siblings_list
58 [140035395417664] INFO perfrun.sdk <> - Reading value (0-1) from file: /sys/devices/system/cpu/cpu1/topology/thread_siblings_list
58 [140035395417664] INFO perfrun.sdk <> - Reading value (0-7) from file: /sys/devices/system/cpu/cpu2/topology/core_siblings_list
58 [140035395417664] INFO perfrun.sdk <> - Reading value (2-3) from file: /sys/devices/system/cpu/cpu2/topology/thread_siblings_list
58 [140035395417664] INFO perfrun.sdk <> - Reading value (0-7) from file: /sys/devices/system/cpu/cpu3/topology/core_siblings_list
58 [140035395417664] INFO perfrun.sdk <> - Reading value (2-3) from file: /sys/devices/system/cpu/cpu3/topology/thread_siblings_list
58 [140035395417664] INFO perfrun.sdk <> - Reading value (0-7) from file: /sys/devices/system/cpu/cpu4/topology/core_siblings_list
58 [140035395417664] INFO perfrun.sdk <> - Reading value (4-5) from file: /sys/devices/system/cpu/cpu4/topology/thread_siblings_list
58 [140035395417664] INFO perfrun.sdk <> - Reading value (0-7) from file: /sys/devices/system/cpu/cpu5/topology/core_siblings_list
58 [140035395417664] INFO perfrun.sdk <> - Reading value (4-5) from file: /sys/devices/system/cpu/cpu5/topology/thread_siblings_list
58 [140035395417664] INFO perfrun.sdk <> - Reading value (0-7) from file: /sys/devices/system/cpu/cpu6/topology/core_siblings_list
58 [140035395417664] INFO perfrun.sdk <> - Reading value (6-7) from file: /sys/devices/system/cpu/cpu6/topology/thread_siblings_list
58 [140035395417664] INFO perfrun.sdk <> - Reading value (0-7) from file: /sys/devices/system/cpu/cpu7/topology/core_siblings_list
58 [140035395417664] INFO perfrun.sdk <> - Reading value (6-7) from file: /sys/devices/system/cpu/cpu7/topology/thread_siblings_list
58 [140035395417664] ERROR perfrun.sdk <> - boost::filesystem::exists(filename) 'gh2::error::IsNot.Valid.File(filename):/sys/bus/event_source/devices/cpu_core/cpus'
_sdks/release_posix-x86_64_icx_2023.0.0_gnutools_9.2_binutils_2.28/perfrun_1.33.15/include/perfrun1/sdk/utils.hpp(767): gh2::error_code_t runtool::sdk::loadFileValue(RetType &, const cpil2::uchar_t *) [RetType = std::basic_string<char>]
, at file: _sdks/release_posix-x86_64_icx_2023.0.0_gnutools_9.2_binutils_2.28/perfrun_1.33.15/include/perfrun1/sdk/utils.hpp:767
58 [140035395417664] ERROR perfrun.sdk <> - boost::filesystem::exists(filename) 'gh2::error::IsNot.Valid.File(filename):/sys/bus/event_source/devices/cpu_atom/cpus'
_sdks/release_posix-x86_64_icx_2023.0.0_gnutools_9.2_binutils_2.28/perfrun_1.33.15/include/perfrun1/sdk/utils.hpp(767): gh2::error_code_t runtool::sdk::loadFileValue(RetType &, const cpil2::uchar_t *) [RetType = std::basic_string<char>]
, at file: _sdks/release_posix-x86_64_icx_2023.0.0_gnutools_9.2_binutils_2.28/perfrun_1.33.15/include/perfrun1/sdk/utils.hpp:767
58 [140035479295552] INFO perfrun.sdk <> - runCmd: /opt/intel/oneapi/vtune/2025.0/bin64/amplxe-perf stat -v --log-fd 11 --scale -x ; -e cpu/event=0x3c,name='CPU_CLK_UNHALTED.THREAD'/Du,cpu/umask=0x3,name='CPU_CLK_UNHALTED.REF_TSC'/Du,cpu/event=0xc0,name='INST_RETIRED.ANY'/Du,cpu/event=0x3c,umask=0x1,name='CPU_CLK_UNHALTED.REF_XCLK'/u,cpu/event=0x3c,umask=0x2,name='CPU_CLK_UNHALTED.ONE_THREAD_ACTIVE'/u,cpu/event=0xc7,umask=0x2,name='FP_ARITH_INST_RETIRED.SCALAR_SINGLE'/u,cpu/event=0xc7,umask=0x8,name='FP_ARITH_INST_RETIRED.128B_PACKED_SINGLE'/u,cpu/event=0xc7,umask=0x20,name='FP_ARITH_INST_RETIRED.256B_PACKED_SINGLE'/u,cpu/event=0xc7,umask=0x1,name='FP_ARITH_INST_RETIRED.SCALAR_DOUBLE'/u,cpu/event=0xc7,umask=0x4,name='FP_ARITH_INST_RETIRED.128B_PACKED_DOUBLE'/u,cpu/event=0xc7,umask=0x10,name='FP_ARITH_INST_RETIRED.256B_PACKED_DOUBLE'/u,cpu/event=0xb1,umask=0x10,name='UOPS_EXECUTED.X87'/u,cpu/event=0xc2,umask=0x2,name='UOPS_RETIRED.RETIRE_SLOTS'/u,cpu/event=0xb1,umask=0x1,name='UOPS_EXECUTED.THREAD'/u /opt/intel/oneapi/vtune/2025.0/bin64/amplxe-perf-sync dryrun tsc
59 [140035479295552] INFO perfrun.sdk <> - runCmd started PID 14667
121 [140035479295552] INFO perfrun.perfcollector <> - Monitor: runCmd RC = true
121 [140035487688256] INFO perfrun.launcher <> - plugin [aoclprofile] was disabled because it doesn't support the given collection type.
121 [140035487688256] INFO perfrun.tpss <> - initialize tpss controller
122 [140035487688256] INFO perfrun.tpss <> - configure collection mode: value = cpu:counters:nostack
122 [140035487688256] INFO perfrun.tpss <> - configure collection mode: value = cpu:stack
122 [140035487688256] INFO perfrun.tpss <> - default obj-size-min=1024
122 [140035487688256] INFO perfrun.tpss <> - default hash-table-size=0
122 [140035487688256] INFO perfrun.launcher <> - plugin [media] was disabled because it doesn't support the given collection type.
122 [140035487688256] INFO perfrun.launcher <> - plugin [] was disabled because it doesn't support the given collection type.
122 [140035487688256] INFO perfrun.launcher <> - plugin [] was disabled because it doesn't support the given collection type.
122 [140035487688256] INFO perfrun.launcher <> - plugin [parallelfs] was disabled because it doesn't support the given collection type.
122 [140035487688256] INFO perfrun.launcher <> - plugin [power] was disabled because it doesn't support the given collection type.
122 [140035487688256] INFO perfrun.launcher <> - plugin [] was disabled because it doesn't support the given collection type.
122 [140035487688256] INFO perfrun.launcher <> - plugin [ipmwatch] was disabled because it doesn't support the given collection type.
122 [140035487688256] INFO perfrun.launcher <> - plugin [os_counters] was disabled because it doesn't support the given collection type.
122 [140035487688256] INFO perfrun.launcher <> - plugin [l0_metrics] was disabled because it doesn't support the given collection type.
122 [140035641146240] INFO perfrun.launcher <> - set environment variable: LD_LIBRARY_PATH = /opt/intel/oneapi/vtune/2025.0/lib32/runtime:/opt/intel/oneapi/vtune/2025.0/lib64/runtime:/usr/local/lib:/usr/local/lib:/usr/local/lib:
122 [140035641146240] INFO perfrun.launcher <> - set environment variable: INTEL_LIBITTNOTIFY32 = /opt/intel/oneapi/vtune/2025.0/lib32/runtime/libittnotify_collector.so
123 [140035641146240] INFO perfrun.launcher <> - set environment variable: INTEL_LIBITTNOTIFY64 = /opt/intel/oneapi/vtune/2025.0/lib64/runtime/libittnotify_collector.so
123 [140035641146240] INFO perfrun.launcher <> - set environment variable: INTEL_ITTNOTIFY_GROUPS = 
123 [140035641146240] INFO perfrun.launcher <> - set environment variable: INTEL_JIT_PROFILER32 = /opt/intel/oneapi/vtune/2025.0/lib32/runtime/libittnotify_collector.so
123 [140035641146240] INFO perfrun.launcher <> - set environment variable: INTEL_JIT_PROFILER64 = /opt/intel/oneapi/vtune/2025.0/lib64/runtime/libittnotify_collector.so
124 [140035641146240] INFO perfrun.launcher <> - set environment variable: CCL_ITT_LEVEL = 1
124 [140035641146240] INFO perfrun.launcher <> - set environment variable: ENABLE_JITPROFILING = 1
124 [140035641146240] INFO perfrun.launcher <> - set environment variable: CL_CONFIG_USE_VTUNE = True
124 [140035641146240] INFO perfrun.launcher <> - set environment variable: KMP_FORKJOIN_FRAMES = 0
124 [140035641146240] INFO perfrun.launcher <> - set environment variable: KMP_FORKJOIN_FRAMES_MODE = 0
124 [140035641146240] INFO perfrun.launcher <> - set environment variable: INTEL_MRTE_DATA_DIR = /home/vts/repos/Slide_Editor/build/r001hs/data.0
125 [140035641146240] INFO perfrun.launcher <> - set environment variable: INTEL_MRTE_HOST_NAME = VTs
125 [140035641146240] INFO perfrun.launcher <> - set environment variable: JAVA_TOOL_OPTIONS = -agentlib:amplxe_samplingmrte_javaprof_1.0 -Dsun.boot.library.path=/opt/intel/oneapi/vtune/2025.0/lib32/runtime:/opt/intel/oneapi/vtune/2025.0/lib64/runtime
125 [140035641146240] INFO perfrun.launcher <> - set environment variable: LD_LIBRARY_PATH = /opt/intel/oneapi/vtune/2025.0/lib32/runtime:/opt/intel/oneapi/vtune/2025.0/lib64/runtime:/usr/local/lib:/usr/local/lib:/usr/local/lib:
125 [140035641146240] INFO perfrun.launcher <> - set environment variable: CORECLR_ENABLE_PROFILING = 1
126 [140035641146240] INFO perfrun.launcher <> - set environment variable: CORECLR_PROFILER = {AA5E4821-E3B1-479c-B7FF-5AD047D22CED}
126 [140035641146240] INFO perfrun.launcher <> - set environment variable: CORECLR_PROFILER_PATH = /opt/intel/oneapi/vtune/2025.0/lib64/libamplxe_samplingmrte_clrprof_1.0.so
126 [140035641146240] INFO perfrun.launcher <> - set environment variable: INTEL_MRTE_PROFILER_MODE = mixed
126 [140035641146240] INFO perfrun.launcher <> - RpcServer: run RPC server to handle requests
127 [140035641146240] INFO perfrun.launcher <> - Launcher: command line to start before modification = ./Application
127 [140035641146240] INFO perfrun.launcher <> - Launcher: command line to start after modification = /opt/intel/oneapi/vtune/2025.0/bin64/pin -error_file /home/vts/repos/Slide_Editor/build/r001hs/data.0/pinerr.tpsslog -detach_reattach -follow_execv -tool_load_option deepbind -t64 /opt/intel/oneapi/vtune/2025.0/lib64/libtpsstool.so -t /opt/intel/oneapi/vtune/2025.0/lib32/libtpsstool.so -server_name tpss_ipc.14660 -prd_dir /opt/intel/oneapi/vtune/2025.0 -- ./Application
127 [140035641146240] INFO perfrun.launcher <> - ProcessCreator object was created
127 [140035641146240] INFO perfrun.launcher <> - Launcher: the process was started in suspend mode
128 [140035487688256] WARN perfrun.system <> - Could not do anything with /sys/kernel/debug/kvm: boost::filesystem::status: Permission denied [system:13]: "/sys/kernel/debug/kvm", at file: vcs/perfrun1/plugins/system/src/trace_writer.cpp:787
128 [140035487688256] WARN perfrun.system <> - Folder "/var/run/libvirt/qemu/"doesn't exist, at file: vcs/perfrun1/plugins/system/src/trace_writer.cpp:800
128 [140035487688256] WARN perfrun.sdk <> - Failed to find xl binary on any of the system paths: /bin, /sbin, /usr/bin, /usr/sbin., at file: vcs/perfrun1/sdk/src/utils.cpp:205
128 [140035487688256] WARN perfrun.system <> - Could not start ContainerMapping collector, at file: vcs/perfrun1/plugins/system/src/controller.cpp:450
150 [140035487688256] INFO perfrun.vdso <> - Helper runtool '/opt/intel/oneapi/vtune/2025.0/bin32/amplxe-runss -dump-vdso -r /home/vts/repos/Slide_Editor/build/r001hs --tmp-dir /tmp/amplxe-tmp-vts' returned 0
203 [140035487688256] INFO perfrun.vdso <> - Helper runtool '/opt/intel/oneapi/vtune/2025.0/bin64/amplxe-runss -dump-vdso -r /home/vts/repos/Slide_Editor/build/r001hs --tmp-dir /tmp/amplxe-tmp-vts' returned 0
203 [140035487688256] INFO perfrun.itt <> - start itt controller for pid #14671
203 [140035487688256] INFO perfrun.perfcollector <> - attaching to pid: 14671, m_mode: 10, mode: 11
203 [140035378632256] INFO perfrun.perfcollector <> - Perf stat trace pipe capacity: read = 1048576, write = 1048576
203 [140035479295552] INFO perfrun.sdk <> - Reading value (0-7) from file: /sys/devices/system/cpu/cpu0/topology/core_siblings_list
203 [140035479295552] INFO perfrun.sdk <> - Reading value (0-1) from file: /sys/devices/system/cpu/cpu0/topology/thread_siblings_list
203 [140035479295552] INFO perfrun.sdk <> - Reading value (0-7) from file: /sys/devices/system/cpu/cpu1/topology/core_siblings_list
203 [140035479295552] INFO perfrun.sdk <> - Reading value (0-1) from file: /sys/devices/system/cpu/cpu1/topology/thread_siblings_list
203 [140035479295552] INFO perfrun.sdk <> - Reading value (0-7) from file: /sys/devices/system/cpu/cpu2/topology/core_siblings_list
203 [140035479295552] INFO perfrun.sdk <> - Reading value (2-3) from file: /sys/devices/system/cpu/cpu2/topology/thread_siblings_list
203 [140035479295552] INFO perfrun.sdk <> - Reading value (0-7) from file: /sys/devices/system/cpu/cpu3/topology/core_siblings_list
203 [140035479295552] INFO perfrun.sdk <> - Reading value (2-3) from file: /sys/devices/system/cpu/cpu3/topology/thread_siblings_list
203 [140035479295552] INFO perfrun.sdk <> - Reading value (0-7) from file: /sys/devices/system/cpu/cpu4/topology/core_siblings_list
203 [140035479295552] INFO perfrun.sdk <> - Reading value (4-5) from file: /sys/devices/system/cpu/cpu4/topology/thread_siblings_list
203 [140035479295552] INFO perfrun.sdk <> - Reading value (0-7) from file: /sys/devices/system/cpu/cpu5/topology/core_siblings_list
203 [140035479295552] INFO perfrun.sdk <> - Reading value (4-5) from file: /sys/devices/system/cpu/cpu5/topology/thread_siblings_list
203 [140035479295552] INFO perfrun.sdk <> - Reading value (0-7) from file: /sys/devices/system/cpu/cpu6/topology/core_siblings_list
203 [140035479295552] INFO perfrun.sdk <> - Reading value (6-7) from file: /sys/devices/system/cpu/cpu6/topology/thread_siblings_list
204 [140035479295552] INFO perfrun.sdk <> - Reading value (0-7) from file: /sys/devices/system/cpu/cpu7/topology/core_siblings_list
204 [140035479295552] INFO perfrun.sdk <> - Reading value (6-7) from file: /sys/devices/system/cpu/cpu7/topology/thread_siblings_list
204 [140035479295552] ERROR perfrun.sdk <> - boost::filesystem::exists(filename) 'gh2::error::IsNot.Valid.File(filename):/sys/bus/event_source/devices/cpu_core/cpus'
_sdks/release_posix-x86_64_icx_2023.0.0_gnutools_9.2_binutils_2.28/perfrun_1.33.15/include/perfrun1/sdk/utils.hpp(767): gh2::error_code_t runtool::sdk::loadFileValue(RetType &, const cpil2::uchar_t *) [RetType = std::basic_string<char>]
, at file: _sdks/release_posix-x86_64_icx_2023.0.0_gnutools_9.2_binutils_2.28/perfrun_1.33.15/include/perfrun1/sdk/utils.hpp:767
204 [140035479295552] ERROR perfrun.sdk <> - boost::filesystem::exists(filename) 'gh2::error::IsNot.Valid.File(filename):/sys/bus/event_source/devices/cpu_atom/cpus'
_sdks/release_posix-x86_64_icx_2023.0.0_gnutools_9.2_binutils_2.28/perfrun_1.33.15/include/perfrun1/sdk/utils.hpp(767): gh2::error_code_t runtool::sdk::loadFileValue(RetType &, const cpil2::uchar_t *) [RetType = std::basic_string<char>]
, at file: _sdks/release_posix-x86_64_icx_2023.0.0_gnutools_9.2_binutils_2.28/perfrun_1.33.15/include/perfrun1/sdk/utils.hpp:767
204 [140035378632256] INFO perfrun.sdk <> - runCmd: /opt/intel/oneapi/vtune/2025.0/bin64/amplxe-perf stat -v --log-fd 22 --control=fd:23,26 --scale -x ; -p 14671 -e cpu/event=0x3c,name='CPU_CLK_UNHALTED.THREAD'/Du,cpu/umask=0x3,name='CPU_CLK_UNHALTED.REF_TSC'/Du,cpu/event=0xc0,name='INST_RETIRED.ANY'/Du,cpu/event=0x3c,umask=0x1,name='CPU_CLK_UNHALTED.REF_XCLK'/u,cpu/event=0x3c,umask=0x2,name='CPU_CLK_UNHALTED.ONE_THREAD_ACTIVE'/u,cpu/event=0xc7,umask=0x2,name='FP_ARITH_INST_RETIRED.SCALAR_SINGLE'/u,cpu/event=0xc7,umask=0x8,name='FP_ARITH_INST_RETIRED.128B_PACKED_SINGLE'/u,cpu/event=0xc7,umask=0x20,name='FP_ARITH_INST_RETIRED.256B_PACKED_SINGLE'/u,cpu/event=0xc7,umask=0x1,name='FP_ARITH_INST_RETIRED.SCALAR_DOUBLE'/u,cpu/event=0xc7,umask=0x4,name='FP_ARITH_INST_RETIRED.128B_PACKED_DOUBLE'/u,cpu/event=0xc7,umask=0x10,name='FP_ARITH_INST_RETIRED.256B_PACKED_DOUBLE'/u,cpu/event=0xb1,umask=0x10,name='UOPS_EXECUTED.X87'/u,cpu/event=0xc2,umask=0x2,name='UOPS_RETIRED.RETIRE_SLOTS'/u,cpu/event=0xb1,umask=0x1,name='UOPS_EXECUTED.THREAD'/u /opt/intel/oneapi/vtune/2025.0/bin64/amplxe-perf-sync sync tsc
204 [140035378632256] INFO perfrun.sdk <> - runCmd started PID 14680
212 [140035487688256] INFO perfrun.tpss <> - start tpss controller for pid #14671
263 [140035641146240] INFO perfrun.launcher <> - Launcher: all plugins were started
263 [140035641146240] INFO perfrun.launcher <> - DirectoryMonitor object was created
263 [140035641146240] INFO perfrun.launcher <> - DirectoryMonitor: a callback was added
263 [140035641146240] INFO perfrun.launcher <> - DirectoryMonitor was started with pingTime = 1000
263 [140035641146240] INFO perfrun.launcher <> - DeadlineTimer is going to be constructed
263 [140035641146240] INFO perfrun.launcher <> - DeadlineTimer: a callback was added
269 [140035641146240] INFO perfrun.launcher <> - Launcher: resume the profiled application and  wait its termination or stop command
39893 [140035641146240] INFO perfrun.launcher <> - Launcher: the profiled application was terminated  with exit code = 130
39906 [140035487688256] INFO perfrun.itt <> - detach itt controller
39906 [140035487688256] INFO perfrun.itt <> - detach itt controller done
39909 [140035378632256] INFO perfrun.perfcollector <> - Monitor: runCmd RC = true
39910 [140035487688256] INFO perfrun.perfcollector <> - Monitor: state = 3, error = 1
39910 [140035487688256] INFO perfrun.tpss <> - stop tpss controller
39911 [140035487688256] INFO perfrun.sdk <> - De-allocating TMU: /home/vts/repos/Slide_Editor/build/r001hs/data.0/systemcollector-14660-VTs.sc
39911 [140035487688256] INFO perfrun.system <> - closed the system trace file: /home/vts/repos/Slide_Editor/build/r001hs/data.0/systemcollector-14660-VTs.sc
39912 [140035641146240] INFO perfrun.launcher <> - Launcher: all plugins were stopped.
39912 [140035641146240] INFO perfrun.launcher <> - DeadlineTimer is going to be destroyed
39912 [140035641146240] INFO perfrun.launcher <> - DeadlineTimer was destroyed
39913 [140035641146240] INFO perfrun.launcher <> - DirectoryMonitor object was destroyed
39913 [140035641146240] WARN perfrun.launcher <> - Stop command is ignored because it is received when collection is already stopped, at file: vcs/perfrun1/launcher/src/command_handler.cpp:226
39914 [140035641146240] INFO perfrun.launcher <> - Application exit code: 130
39914 [140035641146240] INFO perfrun.launcher <> - Exit code: 4
