0 [4132083456] INFO perfrun.launcher <> - Launcher main begin
0 [4132083456] INFO perfrun.launcher <> - MessageCatalogInit finished
0 [4132083456] INFO perfrun.launcher <> - Launcher instance created
0 [4132083456] INFO perfrun.launcher <> - argc = 6; cmdline = /opt/intel/oneapi/vtune/2025.0/bin32/amplxe-runss -dump-vdso -r /home/vts/repos/Slide_Editor/build/r001hs --tmp-dir /tmp/amplxe-tmp-vts 
8 [4132083456] INFO perfrun.launcher <> - create msngr2::ICliToolContext
9 [4132083456] INFO perfrun.launcher <> - create file finder object
10 [4131551936] INFO perfrun.launcher <> - plugin [remoteplug] was disabled because it doesn't support the given collection type.
10 [4131551936] INFO perfrun.launcher <> - plugin [] was disabled because it doesn't support the given collection type.
10 [4131551936] INFO perfrun.vdso <> - dumping [vdso] pseudomodule
11 [4131551936] INFO perfrun.launcher <> - plugin [] was disabled because it doesn't support the given collection type.
11 [4131551936] INFO perfrun.launcher <> - plugin [] was disabled because it doesn't support the given collection type.
11 [4131551936] INFO perfrun.launcher <> - plugin [] was disabled because it doesn't support the given collection type.
11 [4131551936] INFO perfrun.launcher <> - plugin [] was disabled because it doesn't support the given collection type.
11 [4131551936] INFO perfrun.launcher <> - plugin [] was disabled because it doesn't support the given collection type.
11 [4131551936] INFO perfrun.launcher <> - plugin [] was disabled because it doesn't support the given collection type.
11 [4131551936] INFO perfrun.launcher <> - plugin [] was disabled because it doesn't support the given collection type.
11 [4131551936] INFO perfrun.launcher <> - plugin [] was disabled because it doesn't support the given collection type.
11 [4131551936] INFO perfrun.launcher <> - plugin [] was disabled because it doesn't support the given collection type.
11 [4131551936] INFO perfrun.launcher <> - plugin [] was disabled because it doesn't support the given collection type.
11 [4131551936] INFO perfrun.launcher <> - plugin [] was disabled because it doesn't support the given collection type.
11 [4131551936] INFO perfrun.launcher <> - plugin [] was disabled because it doesn't support the given collection type.
11 [4131551936] INFO perfrun.launcher <> - plugin [] was disabled because it doesn't support the given collection type.
11 [4131551936] INFO perfrun.launcher <> - plugin [] was disabled because it doesn't support the given collection type.
11 [4131551936] INFO perfrun.launcher <> - plugin [] was disabled because it doesn't support the given collection type.
11 [4131551936] INFO perfrun.launcher <> - plugin [] was disabled because it doesn't support the given collection type.
11 [4131551936] INFO perfrun.launcher <> - plugin [] was disabled because it doesn't support the given collection type.
11 [4131551936] INFO perfrun.launcher <> - plugin [] was disabled because it doesn't support the given collection type.
11 [4131551936] INFO perfrun.launcher <> - plugin [] was disabled because it doesn't support the given collection type.
11 [4131551936] INFO perfrun.launcher <> - plugin [] was disabled because it doesn't support the given collection type.
11 [4131551936] INFO perfrun.launcher <> - plugin [] was disabled because it doesn't support the given collection type.
11 [4131551936] INFO perfrun.launcher <> - plugin [] was disabled because it doesn't support the given collection type.
11 [4131551936] INFO perfrun.launcher <> - plugin [] was disabled because it doesn't support the given collection type.
11 [4131551936] INFO perfrun.launcher <> - plugin [] was disabled because it doesn't support the given collection type.
11 [4132083456] INFO perfrun.launcher <> - Application exit code: 0
11 [4132083456] INFO perfrun.launcher <> - Exit code: 0
