3 [4132259584] INFO perfrun.launcher <> - Launcher main begin
5 [4132259584] INFO perfrun.launcher <> - MessageCatalogInit finished
5 [4132259584] INFO perfrun.launcher <> - Launcher instance created
5 [4132259584] INFO perfrun.launcher <> - argc = 6; cmdline = /opt/intel/oneapi/vtune/2025.0/bin32/amplxe-runss -dump-vdso -r /home/vts/repos/Slide_Editor/build/r000hs --tmp-dir /tmp/amplxe-tmp-vts 
16 [4132259584] INFO perfrun.launcher <> - create msngr2::ICliToolContext
17 [4132259584] INFO perfrun.launcher <> - create file finder object
18 [4131728064] INFO perfrun.launcher <> - plugin [remoteplug] was disabled because it doesn't support the given collection type.
18 [4131728064] INFO perfrun.launcher <> - plugin [] was disabled because it doesn't support the given collection type.
18 [4131728064] INFO perfrun.vdso <> - dumping [vdso] pseudomodule
19 [4131728064] INFO perfrun.launcher <> - plugin [] was disabled because it doesn't support the given collection type.
19 [4131728064] INFO perfrun.launcher <> - plugin [] was disabled because it doesn't support the given collection type.
19 [4131728064] INFO perfrun.launcher <> - plugin [] was disabled because it doesn't support the given collection type.
19 [4131728064] INFO perfrun.launcher <> - plugin [] was disabled because it doesn't support the given collection type.
19 [4131728064] INFO perfrun.launcher <> - plugin [] was disabled because it doesn't support the given collection type.
19 [4131728064] INFO perfrun.launcher <> - plugin [] was disabled because it doesn't support the given collection type.
19 [4131728064] INFO perfrun.launcher <> - plugin [] was disabled because it doesn't support the given collection type.
19 [4131728064] INFO perfrun.launcher <> - plugin [] was disabled because it doesn't support the given collection type.
19 [4131728064] INFO perfrun.launcher <> - plugin [] was disabled because it doesn't support the given collection type.
19 [4131728064] INFO perfrun.launcher <> - plugin [] was disabled because it doesn't support the given collection type.
19 [4131728064] INFO perfrun.launcher <> - plugin [] was disabled because it doesn't support the given collection type.
19 [4131728064] INFO perfrun.launcher <> - plugin [] was disabled because it doesn't support the given collection type.
19 [4131728064] INFO perfrun.launcher <> - plugin [] was disabled because it doesn't support the given collection type.
19 [4131728064] INFO perfrun.launcher <> - plugin [] was disabled because it doesn't support the given collection type.
19 [4131728064] INFO perfrun.launcher <> - plugin [] was disabled because it doesn't support the given collection type.
19 [4131728064] INFO perfrun.launcher <> - plugin [] was disabled because it doesn't support the given collection type.
19 [4131728064] INFO perfrun.launcher <> - plugin [] was disabled because it doesn't support the given collection type.
19 [4131728064] INFO perfrun.launcher <> - plugin [] was disabled because it doesn't support the given collection type.
19 [4131728064] INFO perfrun.launcher <> - plugin [] was disabled because it doesn't support the given collection type.
19 [4131728064] INFO perfrun.launcher <> - plugin [] was disabled because it doesn't support the given collection type.
19 [4131728064] INFO perfrun.launcher <> - plugin [] was disabled because it doesn't support the given collection type.
19 [4131728064] INFO perfrun.launcher <> - plugin [] was disabled because it doesn't support the given collection type.
19 [4131728064] INFO perfrun.launcher <> - plugin [] was disabled because it doesn't support the given collection type.
19 [4131728064] INFO perfrun.launcher <> - plugin [] was disabled because it doesn't support the given collection type.
19 [4132259584] INFO perfrun.launcher <> - Application exit code: 0
19 [4132259584] INFO perfrun.launcher <> - Exit code: 0
